230. Printing statistics.

=== tt_um_Lukasseirl ===

        +----------Local Count, excluding submodules.
        |        +-Local Area, excluding submodules.
        |        | 
      180        - wires
      256        - wire bits
       13        - public wires
       71        - public wire bits
        8        - ports
       43        - port bits
      223  808.275 cells
       42        -   $_ANDNOT_
        3        -   $_AND_
       77        -   $_MUX_
       11        -   $_NAND_
        7        -   $_NOR_
        4        -   $_NOT_
       13        -   $_ORNOT_
       15        -   $_OR_
        3        -   $_XNOR_
       10        -   $_XOR_
       38  808.275   sky130_fd_sc_hd__dfxtp_2

   Area for cell type $_NOT_ is unknown!
   Area for cell type $_AND_ is unknown!
   Area for cell type $_NAND_ is unknown!
   Area for cell type $_OR_ is unknown!
   Area for cell type $_NOR_ is unknown!
   Area for cell type $_XOR_ is unknown!
   Area for cell type $_XNOR_ is unknown!
   Area for cell type $_ANDNOT_ is unknown!
   Area for cell type $_ORNOT_ is unknown!
   Area for cell type $_MUX_ is unknown!

   Chip area for module '\tt_um_Lukasseirl': 808.275200
     of which used for sequential elements: 808.275200 (100.00%)

