224. Printing statistics.

=== tt_um_Lukasseirl ===

        +----------Local Count, excluding submodules.
        | 
      126 wires
      202 wire bits
       13 public wires
       71 public wire bits
        8 ports
       43 port bits
      169 cells
       42   $_ANDNOT_
        3   $_AND_
        4   $_DFF_P_
       23   $_MUX_
       11   $_NAND_
        7   $_NOR_
        4   $_NOT_
       13   $_ORNOT_
       15   $_OR_
       20   $_SDFFE_PN0P_
       14   $_SDFF_PN0_
        3   $_XNOR_
       10   $_XOR_

   Area for cell type $_NOT_ is unknown!
   Area for cell type $_AND_ is unknown!
   Area for cell type $_NAND_ is unknown!
   Area for cell type $_OR_ is unknown!
   Area for cell type $_NOR_ is unknown!
   Area for cell type $_XOR_ is unknown!
   Area for cell type $_XNOR_ is unknown!
   Area for cell type $_ANDNOT_ is unknown!
   Area for cell type $_ORNOT_ is unknown!
   Area for cell type $_MUX_ is unknown!
   Area for cell type $_DFF_P_ is unknown!
   Area for cell type $_SDFF_PN0_ is unknown!
   Area for cell type $_SDFFE_PN0P_ is unknown!

