238. Printing statistics.

=== tt_um_Lukasseirl ===

        +----------Local Count, excluding submodules.
        |        +-Local Area, excluding submodules.
        |        | 
      150        - wires
      185        - wire bits
       32        - public wires
       67        - public wire bits
        8        - ports
       43        - port bits
      166 1.83E+03 cells
        2   20.019   sky130_fd_sc_hd__a211o_2
        1   11.261   sky130_fd_sc_hd__a21boi_2
       12  105.101   sky130_fd_sc_hd__a21oi_2
        5   56.304   sky130_fd_sc_hd__a221o_2
        1    10.01   sky130_fd_sc_hd__a22o_2
        2   17.517   sky130_fd_sc_hd__a31o_2
        2   22.522   sky130_fd_sc_hd__a32o_2
        8   60.058   sky130_fd_sc_hd__and2_2
        1    7.507   sky130_fd_sc_hd__and3_2
        1    10.01   sky130_fd_sc_hd__and4_2
        1   12.512   sky130_fd_sc_hd__and4bb_2
       10   37.536   sky130_fd_sc_hd__conb_1
       38  808.275   sky130_fd_sc_hd__dfxtp_2
       15   56.304   sky130_fd_sc_hd__inv_2
        4   45.043   sky130_fd_sc_hd__mux2_1
        7   43.792   sky130_fd_sc_hd__nand2_2
        1    8.758   sky130_fd_sc_hd__nand2b_2
        7   43.792   sky130_fd_sc_hd__nor2_2
        1    10.01   sky130_fd_sc_hd__nor3_2
       12  120.115   sky130_fd_sc_hd__o211a_2
        5   43.792   sky130_fd_sc_hd__o21a_2
       12  105.101   sky130_fd_sc_hd__o21ai_2
        1   11.261   sky130_fd_sc_hd__o221a_2
        8   80.077   sky130_fd_sc_hd__o31a_2
        2   22.522   sky130_fd_sc_hd__o32a_2
        3   18.768   sky130_fd_sc_hd__or2_2
        2   15.014   sky130_fd_sc_hd__or3_2
        1    10.01   sky130_fd_sc_hd__or4b_2
        1   16.266   sky130_fd_sc_hd__xnor2_2

   Chip area for module '\tt_um_Lukasseirl': 1829.254400
     of which used for sequential elements: 808.275200 (44.19%)

